<?xml version="1.0" encoding="UTF-8"?>
<!-- Generated by org.testng.reporters.JUnitReportReporter -->
<testsuite skipped="0" hostname="EPINHYDW01AE" name="testNgTests.ValidLoginTest" tests="1" failures="0" timestamp="03 Jun 2022 11:56:19 GMT" time="10.871" errors="0">
  <testcase name="ValidsignIn" time="10.871" classname="testNgTests.ValidLoginTest"/>
</testsuite> <!-- testNgTests.ValidLoginTest -->
